INFO    :  PreTeXt project found in `C:\Users\User\Dropbox\school\ou\20222023\1473coreq`.
INFO    :  
INFO    :  Preparing to deploy from active `main` git branch.
INFO    :  
INFO    :  Changes to project source since last commit detected.
INFO    :  Add/committing these changes to local Git repository.
INFO    :  
INFO    :  Using latest build located in `C:\Users\User\Dropbox\school\ou\20222023\1473coreq\output\html`.
INFO    :  
INFO    :  Commiting your latest build to the `gh-pages` branch.
INFO    :  
INFO    :  Attempting to connect to remote repository at `git@github.com:cg2wilson/1473fa22coreq.git`...
INFO    :  (Your SSH password may be required.)
INFO    :  
INFO    :  
INFO    :  Latest build successfully pushed to GitHub!
INFO    :  
INFO    :  To enable GitHub Pages, visit
INFO    :      https://github.com/cg2wilson/1473fa22coreq/settings/pages
INFO    :  selecting the `gh-pages` branch with the `/ (root)` folder.
INFO    :  
INFO    :  Visit
INFO    :      https://github.com/cg2wilson/1473fa22coreq/actions/
INFO    :  to check on the status of your GitHub Pages deployment.
INFO    :  
INFO    :  Your built project will soon be available to the public at:
INFO    :      https://cg2wilson.github.io/1473fa22coreq/
